2013-01-21T10:57:16+01:00 WARN (4): SQLSTATE[42S22]: Column not found: 1054 Unknown column 'keywords' in 'field list'
2013-01-21T10:57:40+01:00 WARN (4): SQLSTATE[42S22]: Column not found: 1054 Unknown column 'keywords' in 'field list'
2013-01-21T10:58:32+01:00 WARN (4): SQLSTATE[42S22]: Column not found: 1054 Unknown column 'keywords' in 'field list'
2013-01-21T10:59:49+01:00 WARN (4): SQLSTATE[42S22]: Column not found: 1054 Unknown column 'keywords' in 'field list'
2013-01-21T10:59:57+01:00 WARN (4): SQLSTATE[42S22]: Column not found: 1054 Unknown column 'keywords' in 'field list'
2013-01-21T11:24:14+01:00 WARN (4): Validation failed in class Default_Model_Doctrine_Metatag

  1 field had validation error:

    * 1 validator failed on id (type)

2013-01-21T11:25:21+01:00 WARN (4): Validation failed in class Default_Model_Doctrine_Metatag

  1 field had validation error:

    * 1 validator failed on id (type)

2013-01-21T11:25:48+01:00 WARN (4): Validation failed in class Default_Model_Doctrine_Metatag

  1 field had validation error:

    * 1 validator failed on id (type)

2013-01-21T11:28:08+01:00 WARN (4): Validation failed in class Default_Model_Doctrine_Metatag

  1 field had validation error:

    * 1 validator failed on id (type)

2013-01-21T11:29:39+01:00 WARN (4): Validation failed in class Default_Model_Doctrine_Metatag

  1 field had validation error:

    * 1 validator failed on id (type)

2013-01-21T11:31:15+01:00 WARN (4): SQLSTATE[42S22]: Column not found: 1054 Unknown column 'keywords' in 'field list'
2013-01-21T11:31:44+01:00 WARN (4): SQLSTATE[42S22]: Column not found: 1054 Unknown column 'keywords' in 'field list'
2013-01-21T11:56:51+01:00 NOTICE (5): Page not found
2013-01-21T11:56:51+01:00 NOTICE (5): Request Parameters
2013-01-21T12:00:03+01:00 NOTICE (5): Page not found
2013-01-21T12:00:03+01:00 NOTICE (5): Request Parameters
2013-01-21T12:00:10+01:00 NOTICE (5): Page not found
2013-01-21T12:00:10+01:00 NOTICE (5): Request Parameters
2013-01-21T12:00:32+01:00 NOTICE (5): Page not found
2013-01-21T12:00:32+01:00 NOTICE (5): Request Parameters
2013-01-21T12:00:56+01:00 NOTICE (5): Page not found
2013-01-21T12:00:56+01:00 NOTICE (5): Request Parameters
2013-01-21T12:02:08+01:00 NOTICE (5): Page not found
2013-01-21T12:02:08+01:00 NOTICE (5): Request Parameters
2013-01-21T12:02:45+01:00 NOTICE (5): Page not found
2013-01-21T12:02:45+01:00 NOTICE (5): Request Parameters
2013-01-21T12:03:17+01:00 NOTICE (5): Page not found
2013-01-21T12:03:17+01:00 NOTICE (5): Request Parameters
2013-01-21T12:03:38+01:00 NOTICE (5): Page not found
2013-01-21T12:03:38+01:00 NOTICE (5): Request Parameters
2013-01-21T12:04:04+01:00 NOTICE (5): Page not found
2013-01-21T12:04:04+01:00 NOTICE (5): Request Parameters
2013-01-21T12:04:08+01:00 NOTICE (5): Page not found
2013-01-21T12:04:08+01:00 NOTICE (5): Request Parameters
2013-01-21T12:05:23+01:00 NOTICE (5): Page not found
2013-01-21T12:05:23+01:00 NOTICE (5): Request Parameters
2013-01-22T15:23:54+01:00 WARN (4): Couldn't find class t
2013-01-22T15:24:13+01:00 WARN (4): Couldn't find class t
2013-01-23T09:15:51+01:00 WARN (4): Unknown method Offer_Model_Doctrine_OfferTemplateParameterTemplate::getId
2013-01-23T09:28:54+01:00 WARN (4): Unknown method Offer_Model_Doctrine_OfferTemplateParameterTemplate::refersh
2013-01-23T15:06:54+01:00 WARN (4): token is not specified
2013-01-24T14:07:30+01:00 WARN (4): Unknown method Offer_Model_Doctrine_OfferTemplateParameterTemplate::getName
2013-01-24T14:07:38+01:00 WARN (4): Unknown method Offer_Model_Doctrine_OfferTemplateParameterTemplate::getName
2013-01-24T14:33:42+01:00 WARN (4): Unknown record property / related component "description" on "Offer_Model_Doctrine_ParameterTemplate"
2013-01-24T14:33:45+01:00 WARN (4): Unknown record property / related component "description" on "Offer_Model_Doctrine_ParameterTemplate"
2013-01-24T14:34:13+01:00 WARN (4): Unknown record property / related component "description" on "Offer_Model_Doctrine_ParameterTemplate"
2013-01-24T14:34:36+01:00 WARN (4): Unknown record property / related component "description" on "Offer_Model_Doctrine_ParameterTemplate"
2013-01-24T14:34:49+01:00 WARN (4): Unknown record property / related component "description" on "Offer_Model_Doctrine_ParameterTemplate"
2013-01-24T14:35:15+01:00 WARN (4): Unknown record property / related component "description" on "Offer_Model_Doctrine_ParameterTemplate"
2013-01-24T15:40:01+01:00 WARN (4): Unknown method Offer_Model_Doctrine_OfferTemplate::getId
2013-01-24T15:40:25+01:00 WARN (4): Unknown method Offer_Model_Doctrine_OfferTemplate::getId
2013-01-24T15:53:36+01:00 WARN (4): Unknown method Offer_Model_Doctrine_Parameter::setValue
2013-01-24T15:56:21+01:00 WARN (4): Unknown method Offer_Model_Doctrine_Parameter::insertAsLastChildOf
2013-01-29T09:31:23+01:00 WARN (4): Unknown column slug
2013-01-29T09:31:30+01:00 WARN (4): Unknown column slug
2013-01-29T09:31:34+01:00 WARN (4): Unknown column slug
2013-01-29T09:32:06+01:00 WARN (4): Unknown column slug
2013-01-29T13:38:20+01:00 WARN (4): Validation failed in class News_Model_Doctrine_Article

  1 field had validation error:

    * 1 validator failed on publish_date (type)

2013-01-29T13:38:42+01:00 WARN (4): Validation failed in class News_Model_Doctrine_Article

  1 field had validation error:

    * 1 validator failed on publish_date (type)

2013-01-29T13:39:14+01:00 WARN (4): Validation failed in class News_Model_Doctrine_Article

  1 field had validation error:

    * 1 validator failed on publish_date (type)

2013-01-30T10:56:17+01:00 WARN (4): Unknown record property / related component "photo_root_id" on "News_Model_Doctrine_Article"
2013-02-01T15:34:09+01:00 WARN (4): Unknown method Offer_Model_Doctrine_NoticeTemplate::getId
2013-02-01T15:35:42+01:00 WARN (4): Validation failed in class Offer_Model_Doctrine_Parameter

  1 field had validation error:

    * 1 validator failed on value (type)

2013-02-04T09:03:46+01:00 WARN (4): Unknown method Offer_Model_Doctrine_Notice::getParameterRootId
2013-02-04T09:04:10+01:00 WARN (4): Unknown method Offer_Model_Doctrine_Notice::getParameterRootId
2013-02-04T10:18:40+01:00 WARN (4): Unknown method Offer_Model_Doctrine_OfferParameter::setValue
2013-02-04T10:32:13+01:00 WARN (4): Unknown method Offer_Model_Doctrine_Offer::getParameterRootId
2013-02-05T12:59:18+01:00 WARN (4): Unknown method Offer_Model_Doctrine_Offer::setContent
2013-02-05T12:59:20+01:00 WARN (4): Unknown method Offer_Model_Doctrine_Offer::setContent
2013-02-05T12:59:36+01:00 WARN (4): Unknown method Offer_Model_Doctrine_Offer::setContent
2013-02-05T12:59:39+01:00 WARN (4): Unknown method Offer_Model_Doctrine_Offer::setContent
2013-02-05T13:00:04+01:00 WARN (4): Unknown method Offer_Model_Doctrine_Offer::setContent
2013-02-05T13:00:19+01:00 WARN (4): Unknown method Offer_Model_Doctrine_Offer::setContent
2013-02-05T13:26:23+01:00 WARN (4): Unknown method Offer_Model_Doctrine_Offer::getId
2013-02-05T13:26:41+01:00 WARN (4): Unknown method Offer_Model_Doctrine_Offer::getId
2013-02-05T13:27:18+01:00 WARN (4): Unknown method Offer_Model_Doctrine_DealTable::findQueryByOfferIdAndNoticeId
2013-02-05T13:30:16+01:00 WARN (4): Unknown method Offer_Model_Doctrine_Deal::setStatus
2013-02-06T09:51:14+01:00 WARN (4): Unknown method Offer_Model_Doctrine_DealMessage::setRecipient
2013-02-06T09:51:40+01:00 WARN (4): Unknown method Offer_Model_Doctrine_DealMessage::setRecipient
2013-02-06T10:40:40+01:00 WARN (4): Unknown method Offer_Model_Doctrine_Notice::getTitle
2013-02-06T10:40:54+01:00 WARN (4): Unknown method Offer_Model_Doctrine_Notice::getTitle
2013-02-06T10:41:19+01:00 WARN (4): Unknown method Offer_Model_Doctrine_Notice::getTitle
2013-02-06T10:41:47+01:00 WARN (4): Unknown method Offer_Model_Doctrine_Notice::getTitle
2013-02-08T08:36:16+01:00 WARN (4): Unknown column status
2013-02-08T08:36:28+01:00 WARN (4): Unknown column status
2013-02-08T08:37:09+01:00 WARN (4): Unknown column status
2013-02-08T08:37:28+01:00 WARN (4): Unknown column status
2013-02-08T08:38:41+01:00 WARN (4): Unknown column status
2013-02-08T08:39:18+01:00 WARN (4): Unknown column status
2013-02-08T08:40:15+01:00 WARN (4): Unknown column 16
2013-02-08T08:40:38+01:00 WARN (4): Unknown column 16
2013-02-08T08:41:04+01:00 WARN (4): Unknown column 16
2013-02-08T08:41:13+01:00 WARN (4): Unknown column 16
2013-02-08T08:42:12+01:00 WARN (4): Unknown column 16
2013-02-11T14:08:34+01:00 WARN (4): Unknown method Offer_Model_Doctrine_CategoryPrice::setCategoryId
2013-02-11T14:10:48+01:00 WARN (4): Unknown record property / related component "100" on "Offer_Model_Doctrine_CategoryPrice"
2013-02-14T15:25:34+01:00 WARN (4): Unknown method Invoice_Model_Doctrine_Payment::setType
2013-02-14T15:28:55+01:00 WARN (4): Unknown method Invoice_Model_Doctrine_Payment::setType
2013-02-14T15:29:36+01:00 WARN (4): Unknown method Invoice_Model_Doctrine_Payment::setStatus
2013-02-14T15:30:34+01:00 WARN (4): Validation failed in class Invoice_Model_Doctrine_Payment

  1 field had validation error:

    * 1 validator failed on type (type)

2013-02-14T15:30:41+01:00 WARN (4): Validation failed in class Invoice_Model_Doctrine_Payment

  1 field had validation error:

    * 1 validator failed on type (type)

2013-02-18T11:18:33+01:00 WARN (4): SQLSTATE[42000]: Syntax error or access violation: 1064 You have an error in your SQL syntax; check the manual that corresponds to your MySQL server version for the right syntax to use near '?) LIMIT 1' at line 1. Failing Query: "SELECT `p`.`id` AS `p__id`, `p`.`user_id` AS `p__user_id`, `p`.`type` AS `p__type` FROM `page_page` `p` WHERE (`p`.`type` = ?) LIMIT 1"
2013-02-18T13:17:51+01:00 WARN (4): SQLSTATE[42S02]: Base table or view not found: 1146 Table 'ofinanse.metatag_metatag_translation' doesn't exist
2013-02-22T15:52:41+01:00 WARN (4): Validation failed in class Producer_Model_Doctrine_Producer

  2 fields had validation errors:

    * 1 validator failed on city_id (type)
    * 1 validator failed on province_id (type)

2013-02-22T15:52:59+01:00 WARN (4): Validation failed in class Producer_Model_Doctrine_Producer

  2 fields had validation errors:

    * 1 validator failed on city_id (type)
    * 1 validator failed on province_id (type)

2013-02-22T16:04:40+01:00 WARN (4): Validation failed in class Producer_Model_Doctrine_Producer

  2 fields had validation errors:

    * 1 validator failed on city_id (type)
    * 1 validator failed on province_id (type)

2013-02-25T09:40:20+01:00 WARN (4): Validation failed in class Producer_Model_Doctrine_Producer

  2 fields had validation errors:

    * 1 validator failed on city_id (type)
    * 1 validator failed on province_id (type)

2013-02-25T09:41:26+01:00 WARN (4): Validation failed in class Producer_Model_Doctrine_Producer

  2 fields had validation errors:

    * 1 validator failed on city_id (type)
    * 1 validator failed on province_id (type)

2013-02-25T09:42:45+01:00 WARN (4): Validation failed in class Producer_Model_Doctrine_Producer

  2 fields had validation errors:

    * 1 validator failed on city_id (type)
    * 1 validator failed on province_id (type)

2013-02-25T09:54:56+01:00 WARN (4): Validation failed in class Producer_Model_Doctrine_Producer

  2 fields had validation errors:

    * 1 validator failed on city_id (type)
    * 1 validator failed on province_id (type)

2013-02-25T09:55:04+01:00 WARN (4): Validation failed in class Producer_Model_Doctrine_Producer

  2 fields had validation errors:

    * 1 validator failed on city_id (type)
    * 1 validator failed on province_id (type)

2013-02-28T15:50:45+01:00 WARN (4): Unknown method Producer_Model_Doctrine_Category::getId
2013-02-28T15:50:50+01:00 WARN (4): Unknown method Producer_Model_Doctrine_Category::getId
2013-02-28T15:54:10+01:00 WARN (4): Unknown method Producer_Model_Doctrine_Category::getId
2013-02-28T15:54:18+01:00 WARN (4): Unknown method Producer_Model_Doctrine_Category::getId
2013-02-28T16:00:20+01:00 WARN (4): Unknown method Producer_Model_Doctrine_Category::getId
2013-02-28T16:00:35+01:00 WARN (4): Unknown method Producer_Model_Doctrine_Category::getId
2013-02-28T16:02:54+01:00 WARN (4): Unknown method Producer_Model_Doctrine_Category::getId
2013-02-28T16:10:26+01:00 WARN (4): Unknown method Producer_Model_Doctrine_Category::getId
2013-03-04T10:05:08+01:00 WARN (4): Unknown record property / related component "category_id" on "Producer_Model_Doctrine_Category"
2013-03-04T10:06:21+01:00 WARN (4): SQLSTATE[23000]: Integrity constraint violation: 1062 Duplicate entry '6' for key 'PRIMARY'
2013-03-04T10:08:35+01:00 WARN (4): Couldn't find class Producer_Model_Doctrine_ProductCategory
2013-03-04T10:30:09+01:00 WARN (4): Unknown record property / related component "getIdCategory" on "Product_Model_Doctrine_Product"
2013-03-04T10:37:00+01:00 WARN (4): Unknown record property / related component "getIdCategories" on "Product_Model_Doctrine_Product"
2013-03-04T10:37:46+01:00 WARN (4): Unknown record property / related component "getIdCategories" on "Product_Model_Doctrine_Product"
2013-03-04T10:38:04+01:00 WARN (4): Unknown record property / related component "getIdCategories" on "Product_Model_Doctrine_Product"
2013-03-04T10:38:10+01:00 WARN (4): Unknown record property / related component "getIdCategories" on "Product_Model_Doctrine_Product"
2013-03-04T10:38:39+01:00 WARN (4): Unknown record property / related component "getIdCategories" on "Product_Model_Doctrine_Product"
2013-03-04T10:38:52+01:00 WARN (4): Unknown record property / related component "getIdCategories" on "Product_Model_Doctrine_Product"
2013-03-04T10:47:09+01:00 WARN (4): Unknown record property / related component "getProducerId" on "Product_Model_Doctrine_Product"
2013-03-04T10:56:48+01:00 WARN (4): Unknown relation alias Categories
2013-03-04T11:07:43+01:00 WARN (4): Unknown record property / related component "Products" on "Producer_Model_Doctrine_Producer"
2013-03-04T11:08:58+01:00 WARN (4): Unknown column product_id
2013-03-04T13:31:08+01:00 WARN (4): Unknown record property / related component "producer_id" on "Producer_Model_Doctrine_Producer"
2013-03-04T13:31:13+01:00 WARN (4): Unknown record property / related component "producer_id" on "Producer_Model_Doctrine_Producer"
2013-03-04T13:31:29+01:00 WARN (4): Unknown record property / related component "producer_id" on "Producer_Model_Doctrine_Producer"
2013-03-04T13:32:23+01:00 WARN (4): Unknown record property / related component "producer_id" on "Producer_Model_Doctrine_Producer"
2013-03-04T13:32:27+01:00 WARN (4): Unknown record property / related component "producer_id" on "Producer_Model_Doctrine_Producer"
2013-03-13T09:24:18+01:00 WARN (4): Validation failed in class Producer_Model_Doctrine_Producer

  1 field had validation error:

    * 1 validator failed on city_id (type)

2013-03-13T09:24:32+01:00 WARN (4): Validation failed in class Producer_Model_Doctrine_Producer

  1 field had validation error:

    * 1 validator failed on city_id (type)

2013-03-15T14:07:19+01:00 WARN (4): Unknown method News_Model_Doctrine_Article::getMetatagId
2013-03-15T14:08:49+01:00 WARN (4): Unknown method News_Model_Doctrine_Article::getMetatagId
2013-03-18T13:05:34+01:00 WARN (4): Unknown record property / related component "author_name" on "Guests_Model_Doctrine_Post"
2013-04-12T13:45:06+02:00 CRIT (2): Application error
2013-08-28T11:34:44+02:00 WARN (4): Unknown record property / related component "PhotoRoot" on "Category_Model_Doctrine_Category"
2013-08-28T12:21:57+02:00 WARN (4): Unknown method Category_Model_Doctrine_Category::getMetatagId
2013-08-28T12:24:08+02:00 WARN (4): Unknown method Category_Model_Doctrine_Category::getMetatagId
2013-08-28T12:24:44+02:00 WARN (4): Unknown method Category_Model_Doctrine_Category::getMetatagId
2013-08-28T12:25:27+02:00 WARN (4): Unknown method Category_Model_Doctrine_Category::getMetatagId
2013-08-28T12:26:11+02:00 WARN (4): Unknown method Category_Model_Doctrine_Category::getMetatagId
2013-08-28T12:26:40+02:00 WARN (4): Unknown method Category_Model_Doctrine_Category::getMetatagId
2013-08-28T14:10:25+02:00 WARN (4): Unknown record property / related component "PhotoRoot" on "Product_Model_Doctrine_Product"
2013-08-28T14:23:51+02:00 WARN (4): Validation failed in class Product_Model_Doctrine_Product

  1 field had validation error:

    * 1 validator failed on category_id (type)

2013-08-28T14:36:26+02:00 WARN (4): Validation failed in class Product_Model_Doctrine_Product

  1 field had validation error:

    * 1 validator failed on category_id (type)

2013-08-28T14:49:30+02:00 WARN (4): Unknown method Product_Model_Doctrine_Product::getId
2013-09-02T11:28:43+02:00 WARN (4): Validation failed in class Product_Model_Doctrine_Product

  1 field had validation error:

    * 1 validator failed on price (type)

2013-09-02T11:28:52+02:00 WARN (4): Validation failed in class Product_Model_Doctrine_Product

  1 field had validation error:

    * 1 validator failed on price (type)

2013-09-02T11:29:49+02:00 WARN (4): Validation failed in class Product_Model_Doctrine_Product

  1 field had validation error:

    * 1 validator failed on price (type)

2013-09-02T11:30:10+02:00 WARN (4): Validation failed in class Product_Model_Doctrine_Product

  1 field had validation error:

    * 1 validator failed on price (type)

2013-09-04T10:34:18+02:00 WARN (4): Validation failed in class Product_Model_Doctrine_Product

  1 field had validation error:

    * 1 validator failed on price (type)

2013-09-05T10:33:25+02:00 WARN (4): Validation failed in class Product_Model_Doctrine_Product

  1 field had validation error:

    * 1 validator failed on price (type)

2013-09-05T10:36:59+02:00 WARN (4): Validation failed in class Product_Model_Doctrine_Product

  1 field had validation error:

    * 1 validator failed on price (type)

2013-09-05T11:46:24+02:00 WARN (4): Validation failed in class Product_Model_Doctrine_Product

  1 field had validation error:

    * 1 validator failed on price (type)

2013-09-05T11:46:36+02:00 WARN (4): Validation failed in class Product_Model_Doctrine_Product

  1 field had validation error:

    * 1 validator failed on price (type)

2013-09-06T08:36:13+02:00 WARN (4): Validation failed in class Product_Model_Doctrine_Product

  1 field had validation error:

    * 1 validator failed on price (type)

2013-09-10T11:20:07+02:00 WARN (4): SQLSTATE[42000]: Syntax error or access violation: 1064 You have an error in your SQL syntax; check the manual that corresponds to your MySQL server version for the right syntax to use near '? AND (`p`.`deleted_at` IS NULL)) LIMIT 1' at line 1. Failing Query: "SELECT `p`.`id` AS `p__id`, `p`.`price` AS `p__price`, `p`.`dimensions` AS `p__dimensions`, `p`.`code` AS `p__code`, `p`.`availability` AS `p__availability`, `p`.`status` AS `p__status`, `p`.`promoted` AS `p__promoted`, `p`.`new` AS `p__new`, `p`.`most_frequently_purchased` AS `p__most_frequently_purchased`, `p`.`youtube` AS `p__youtube`, `p`.`producer_id` AS `p__producer_id`, `p`.`discount_id` AS `p__discount_id`, `p`.`photo_root_id` AS `p__photo_root_id`, `p`.`metatag_id` AS `p__metatag_id`, `p`.`views` AS `p__views`, `p`.`clicks` AS `p__clicks`, `p`.`created_at` AS `p__created_at`, `p`.`updated_at` AS `p__updated_at`, `p`.`deleted_at` AS `p__deleted_at` FROM `product_product` `p` WHERE (`p`.`id` = ? AND (`p`.`deleted_at` IS NULL)) LIMIT 1"
2013-09-10T11:20:13+02:00 WARN (4): SQLSTATE[42000]: Syntax error or access violation: 1064 You have an error in your SQL syntax; check the manual that corresponds to your MySQL server version for the right syntax to use near '? AND (`p`.`deleted_at` IS NULL)) LIMIT 1' at line 1. Failing Query: "SELECT `p`.`id` AS `p__id`, `p`.`price` AS `p__price`, `p`.`dimensions` AS `p__dimensions`, `p`.`code` AS `p__code`, `p`.`availability` AS `p__availability`, `p`.`status` AS `p__status`, `p`.`promoted` AS `p__promoted`, `p`.`new` AS `p__new`, `p`.`most_frequently_purchased` AS `p__most_frequently_purchased`, `p`.`youtube` AS `p__youtube`, `p`.`producer_id` AS `p__producer_id`, `p`.`discount_id` AS `p__discount_id`, `p`.`photo_root_id` AS `p__photo_root_id`, `p`.`metatag_id` AS `p__metatag_id`, `p`.`views` AS `p__views`, `p`.`clicks` AS `p__clicks`, `p`.`created_at` AS `p__created_at`, `p`.`updated_at` AS `p__updated_at`, `p`.`deleted_at` AS `p__deleted_at` FROM `product_product` `p` WHERE (`p`.`id` = ? AND (`p`.`deleted_at` IS NULL)) LIMIT 1"
2013-09-10T11:40:11+02:00 WARN (4): Couldn't find class pro
2013-09-10T11:40:21+02:00 WARN (4): Couldn't find class pro
2013-09-19T09:48:27+02:00 WARN (4): Validation failed in class Order_Model_Doctrine_DeliveryType

  1 field had validation error:

    * 1 validator failed on price (type)

2013-10-16T14:34:18+02:00 WARN (4): Validation failed in class Order_Model_Doctrine_DeliveryAddress

  1 field had validation error:

    * 1 validator failed on status (type)

2013-10-16T14:35:12+02:00 WARN (4): Validation failed in class Order_Model_Doctrine_DeliveryAddress

  1 field had validation error:

    * 1 validator failed on status (type)

2013-10-16T14:35:30+02:00 WARN (4): Validation failed in class Order_Model_Doctrine_DeliveryAddress

  1 field had validation error:

    * 1 validator failed on status (type)

2013-10-16T14:36:52+02:00 WARN (4): Validation failed in class Order_Model_Doctrine_DeliveryAddress

  1 field had validation error:

    * 1 validator failed on status (type)

2013-10-16T14:57:10+02:00 WARN (4): Unknown method Order_Model_Doctrine_Payment::lastInsertId
2013-10-16T14:57:20+02:00 WARN (4): Unknown method Order_Model_Doctrine_Payment::lastInsertId
2013-10-16T14:57:33+02:00 WARN (4): Unknown method Order_Model_Doctrine_Payment::lastInsertId
2013-10-16T14:57:40+02:00 WARN (4): Unknown method Order_Model_Doctrine_Payment::lastInsertId
2013-10-16T14:58:00+02:00 WARN (4): Unknown method Order_Model_Doctrine_Payment::lastInsertId
2013-10-16T14:58:12+02:00 WARN (4): Unknown method Order_Model_Doctrine_Payment::lastInsertId
2013-10-16T14:58:48+02:00 WARN (4): Unknown method Order_Model_Doctrine_Payment::lastInsertId
2013-10-16T14:59:21+02:00 WARN (4): Unknown method Order_Model_Doctrine_Payment::lastInsertId
2013-10-16T15:04:15+02:00 WARN (4): Unknown method Order_Model_Doctrine_Payment::lastInsertId
2013-10-16T15:04:41+02:00 WARN (4): Unknown method Order_Model_Doctrine_Payment::lastInsertId
2013-10-16T15:07:52+02:00 WARN (4): Unknown method Order_Model_Doctrine_Payment::getId
2013-10-16T15:07:57+02:00 WARN (4): Unknown method Order_Model_Doctrine_Payment::getId
2013-10-16T15:08:45+02:00 WARN (4): Unknown method Order_Model_Doctrine_Payment::getId
2013-10-16T15:08:53+02:00 WARN (4): Unknown method Order_Model_Doctrine_Payment::getId
2013-10-16T15:09:32+02:00 WARN (4): Unknown method Order_Model_Doctrine_Payment::getId
2013-10-16T15:15:25+02:00 WARN (4): Unknown method Order_Model_Doctrine_DeliveryAddress::getId
2013-10-17T08:28:35+02:00 WARN (4): Method "url" does not exist and was not trapped in __call()
2013-10-17T08:28:40+02:00 WARN (4): Method "url" does not exist and was not trapped in __call()
2013-10-17T08:29:16+02:00 WARN (4): Method "url" does not exist and was not trapped in __call()
2013-10-17T08:29:38+02:00 WARN (4): Method "url" does not exist and was not trapped in __call()
2013-10-17T08:29:54+02:00 WARN (4): Method "url" does not exist and was not trapped in __call()
2013-10-17T08:30:13+02:00 WARN (4): Method "url" does not exist and was not trapped in __call()
2013-10-17T08:30:29+02:00 WARN (4): Method "partial" does not exist and was not trapped in __call()
2013-10-17T12:24:26+02:00 WARN (4): Validation failed in class Order_Model_Doctrine_Item

  1 field had validation error:

    * 1 validator failed on product_id (type)

2013-10-17T12:24:34+02:00 WARN (4): Validation failed in class Order_Model_Doctrine_Item

  1 field had validation error:

    * 1 validator failed on product_id (type)

2013-10-17T15:24:45+02:00 WARN (4): SQLSTATE[42000]: Syntax error or access violation: 1064 You have an error in your SQL syntax; check the manual that corresponds to your MySQL server version for the right syntax to use near '? AND (`o`.`deleted_at` IS NULL)) LIMIT 1' at line 1. Failing Query: "SELECT `o`.`id` AS `o__id`, `o`.`code` AS `o__code`, `o`.`discount` AS `o__discount`, `o`.`active` AS `o__active`, `o`.`created_at` AS `o__created_at`, `o`.`updated_at` AS `o__updated_at`, `o`.`deleted_at` AS `o__deleted_at` FROM `order_discount_code` `o` WHERE (`o`.`code` = ? AND (`o`.`deleted_at` IS NULL)) LIMIT 1"
2013-10-17T15:25:02+02:00 WARN (4): SQLSTATE[42000]: Syntax error or access violation: 1064 You have an error in your SQL syntax; check the manual that corresponds to your MySQL server version for the right syntax to use near '? AND (`o`.`deleted_at` IS NULL)) LIMIT 1' at line 1. Failing Query: "SELECT `o`.`id` AS `o__id`, `o`.`code` AS `o__code`, `o`.`discount` AS `o__discount`, `o`.`active` AS `o__active`, `o`.`created_at` AS `o__created_at`, `o`.`updated_at` AS `o__updated_at`, `o`.`deleted_at` AS `o__deleted_at` FROM `order_discount_code` `o` WHERE (`o`.`code` = ? AND (`o`.`deleted_at` IS NULL)) LIMIT 1"
2013-10-17T15:25:43+02:00 WARN (4): SQLSTATE[42000]: Syntax error or access violation: 1064 You have an error in your SQL syntax; check the manual that corresponds to your MySQL server version for the right syntax to use near '? AND (`o`.`deleted_at` IS NULL)) LIMIT 1' at line 1. Failing Query: "SELECT `o`.`id` AS `o__id`, `o`.`code` AS `o__code`, `o`.`discount` AS `o__discount`, `o`.`active` AS `o__active`, `o`.`created_at` AS `o__created_at`, `o`.`updated_at` AS `o__updated_at`, `o`.`deleted_at` AS `o__deleted_at` FROM `order_discount_code` `o` WHERE (`o`.`code` = ? AND (`o`.`deleted_at` IS NULL)) LIMIT 1"
2013-10-17T15:25:51+02:00 WARN (4): SQLSTATE[42000]: Syntax error or access violation: 1064 You have an error in your SQL syntax; check the manual that corresponds to your MySQL server version for the right syntax to use near '? AND (`o`.`deleted_at` IS NULL)) LIMIT 1' at line 1. Failing Query: "SELECT `o`.`id` AS `o__id`, `o`.`code` AS `o__code`, `o`.`discount` AS `o__discount`, `o`.`active` AS `o__active`, `o`.`created_at` AS `o__created_at`, `o`.`updated_at` AS `o__updated_at`, `o`.`deleted_at` AS `o__deleted_at` FROM `order_discount_code` `o` WHERE (`o`.`code` = ? AND (`o`.`deleted_at` IS NULL)) LIMIT 1"
2013-10-21T08:57:13+02:00 WARN (4): SQLSTATE[23000]: Integrity constraint violation: 1062 Duplicate entry '5' for key 'id'
2013-10-21T08:57:42+02:00 WARN (4): Validation failed in class Product_Model_Doctrine_Product

  1 field had validation error:

    * 1 validator failed on code (unique)

2013-10-21T08:59:06+02:00 WARN (4): SQLSTATE[23000]: Integrity constraint violation: 1062 Duplicate entry '3' for key 'id'
2013-10-21T08:59:49+02:00 WARN (4): Validation failed in class Product_Model_Doctrine_Product

  1 field had validation error:

    * 1 validator failed on code (unique)

2013-10-21T09:01:18+02:00 WARN (4): Validation failed in class Product_Model_Doctrine_Product

  1 field had validation error:

    * 1 validator failed on code (unique)

2013-10-21T09:01:49+02:00 WARN (4): Validation failed in class Product_Model_Doctrine_Product

  1 field had validation error:

    * 1 validator failed on code (unique)

2013-10-21T09:03:02+02:00 WARN (4): SQLSTATE[23000]: Integrity constraint violation: 1062 Duplicate entry '7' for key 'id'
2013-10-21T09:03:25+02:00 WARN (4): Validation failed in class Product_Model_Doctrine_Product

  1 field had validation error:

    * 1 validator failed on code (unique)

2013-10-21T09:03:42+02:00 WARN (4): Validation failed in class Product_Model_Doctrine_Product

  1 field had validation error:

    * 1 validator failed on code (unique)

2013-10-22T09:49:17+02:00 WARN (4): Unknown record property / related component "status" on "Order_Model_Doctrine_DiscountCode"
2013-10-22T09:50:35+02:00 WARN (4): Unknown record property / related component "status" on "Order_Model_Doctrine_DiscountCode"
2013-10-22T09:51:15+02:00 WARN (4): Unknown record property / related component "status" on "Order_Model_Doctrine_DiscountCode"
2013-10-22T09:51:29+02:00 WARN (4): Unknown record property / related component "status" on "Order_Model_Doctrine_DiscountCode"
2013-10-22T09:51:41+02:00 WARN (4): Unknown record property / related component "status" on "Order_Model_Doctrine_DiscountCode"
2013-10-22T09:51:58+02:00 WARN (4): Unknown record property / related component "status" on "Order_Model_Doctrine_DiscountCode"
2013-10-22T09:52:02+02:00 WARN (4): Unknown record property / related component "status" on "Order_Model_Doctrine_DiscountCode"
2013-10-22T09:52:13+02:00 WARN (4): Unknown record property / related component "status" on "Order_Model_Doctrine_DiscountCode"
2013-10-22T09:56:06+02:00 WARN (4): Unknown record property / related component "status" on "Order_Model_Doctrine_DiscountCode"
2013-10-22T09:56:37+02:00 WARN (4): Unknown record property / related component "status" on "Order_Model_Doctrine_DiscountCode"
2013-10-22T15:22:22+02:00 WARN (4): Unknown record property / related component "getId" on "Product_Model_Doctrine_DimensionPrice"
2013-10-23T08:09:43+02:00 WARN (4): Unknown method Product_Model_Doctrine_DimensionPrice::getAvailability
2013-10-23T08:09:51+02:00 WARN (4): Unknown method Product_Model_Doctrine_DimensionPrice::getAvailability
2013-10-23T08:10:19+02:00 WARN (4): Unknown method Product_Model_Doctrine_DimensionPrice::getAvailability
2013-10-23T08:10:46+02:00 WARN (4): Unknown method Product_Model_Doctrine_DimensionPrice::getAvailability
2013-10-23T08:11:11+02:00 WARN (4): Unknown method Product_Model_Doctrine_DimensionPrice::getAvailability
2013-10-23T08:11:15+02:00 WARN (4): Unknown method Product_Model_Doctrine_DimensionPrice::getAvailability
2013-11-04T09:28:08+01:00 WARN (4): SQLSTATE[42S22]: Column not found: 1054 Unknown column 'n.province_id' in 'field list'
2013-11-04T09:33:24+01:00 WARN (4): SQLSTATE[42S22]: Column not found: 1054 Unknown column 'n.province_id' in 'field list'
2013-11-04T09:34:58+01:00 WARN (4): SQLSTATE[42S22]: Column not found: 1054 Unknown column 'n.province_id' in 'field list'
2013-11-04T09:35:41+01:00 WARN (4): SQLSTATE[42S22]: Column not found: 1054 Unknown column 'n.province_id' in 'field list'
2013-11-04T09:36:08+01:00 WARN (4): SQLSTATE[42S22]: Column not found: 1054 Unknown column 'n.province_id' in 'field list'
2013-11-28T09:33:06+01:00 WARN (4): 5.7.1 <mail@mail.pl>: Sender address rejected: not owned by user andrzej@varts.pl

2013-11-28T09:33:19+01:00 WARN (4): 5.7.1 <mail@mail.pl>: Sender address rejected: not owned by user andrzej@varts.pl

2013-11-28T09:33:42+01:00 WARN (4): 5.7.1 <mail@mail.pl>: Sender address rejected: not owned by user andrzej@varts.pl

2013-11-28T09:34:13+01:00 WARN (4): 5.7.1 <mail@mail.pl>: Sender address rejected: not owned by user andrzej@varts.pl

2013-11-28T09:34:42+01:00 WARN (4): 5.7.1 <mail@mail.pl>: Sender address rejected: not owned by user andrzej@varts.pl

2013-11-28T09:36:45+01:00 WARN (4): 5.7.1 <mail@mail.pl>: Sender address rejected: not owned by user andrzej@varts.pl

2013-11-28T09:37:00+01:00 WARN (4): 5.7.1 <mail@mail.pl>: Sender address rejected: not owned by user andrzej@varts.pl

2013-11-28T09:37:19+01:00 WARN (4): 5.1.7 Bad sender address syntax

2013-11-28T09:38:54+01:00 WARN (4): 5.7.1 <pierwszetest>: Sender address rejected: not owned by user andrzej@varts.pl

2013-11-28T09:40:54+01:00 WARN (4): 5.7.1 <mail@mail.pl>: Sender address rejected: not owned by user andrzej@varts.pl

2013-12-27T13:46:12+01:00 WARN (4): Unknown method Media_Model_Doctrine_Photo::getChildrenPhotos
2013-12-27T13:46:25+01:00 WARN (4): Unknown method Media_Model_Doctrine_Photo::getChildrenPhotos
2013-12-27T13:48:57+01:00 WARN (4): Unknown method Media_Model_Doctrine_Photo::getChildrenPhotos
2013-12-27T13:49:54+01:00 WARN (4): Unknown method Media_Model_Doctrine_Photo::getChildrenPhotos
2013-12-27T13:51:04+01:00 WARN (4): Unknown method Media_Model_Doctrine_Photo::getChildrenPhotos
2013-12-27T13:51:41+01:00 WARN (4): Unknown method Media_Model_Doctrine_Photo::getChildrenPhotos
2013-12-27T13:52:41+01:00 WARN (4): Unknown method Media_Model_Doctrine_Photo::getChildrenPhotos
2014-01-06T14:22:38+01:00 WARN (4): SQLSTATE[42000]: Syntax error or access violation: 1064 You have an error in your SQL syntax; check the manual that corresponds to your MySQL server version for the right syntax to use near '? AND (`p`.`deleted_at` IS NULL)) LIMIT 1' at line 1. Failing Query: "SELECT `p`.`id` AS `p__id`, `p`.`price` AS `p__price`, `p`.`dimensions` AS `p__dimensions`, `p`.`code` AS `p__code`, `p`.`availability` AS `p__availability`, `p`.`status` AS `p__status`, `p`.`promoted` AS `p__promoted`, `p`.`promotion` AS `p__promotion`, `p`.`promotion_price` AS `p__promotion_price`, `p`.`new` AS `p__new`, `p`.`purchased_number` AS `p__purchased_number`, `p`.`youtube` AS `p__youtube`, `p`.`producer_id` AS `p__producer_id`, `p`.`discount_id` AS `p__discount_id`, `p`.`photo_root_id` AS `p__photo_root_id`, `p`.`metatag_id` AS `p__metatag_id`, `p`.`views` AS `p__views`, `p`.`clicks` AS `p__clicks`, `p`.`created_at` AS `p__created_at`, `p`.`updated_at` AS `p__updated_at`, `p`.`deleted_at` AS `p__deleted_at` FROM `product_product` `p` WHERE (`p`.`id` = ? AND (`p`.`deleted_at` IS NULL)) LIMIT 1"
2014-01-06T14:23:15+01:00 WARN (4): SQLSTATE[42000]: Syntax error or access violation: 1064 You have an error in your SQL syntax; check the manual that corresponds to your MySQL server version for the right syntax to use near '? AND (`p`.`deleted_at` IS NULL)) LIMIT 1' at line 1. Failing Query: "SELECT `p`.`id` AS `p__id`, `p`.`price` AS `p__price`, `p`.`dimensions` AS `p__dimensions`, `p`.`code` AS `p__code`, `p`.`availability` AS `p__availability`, `p`.`status` AS `p__status`, `p`.`promoted` AS `p__promoted`, `p`.`promotion` AS `p__promotion`, `p`.`promotion_price` AS `p__promotion_price`, `p`.`new` AS `p__new`, `p`.`purchased_number` AS `p__purchased_number`, `p`.`youtube` AS `p__youtube`, `p`.`producer_id` AS `p__producer_id`, `p`.`discount_id` AS `p__discount_id`, `p`.`photo_root_id` AS `p__photo_root_id`, `p`.`metatag_id` AS `p__metatag_id`, `p`.`views` AS `p__views`, `p`.`clicks` AS `p__clicks`, `p`.`created_at` AS `p__created_at`, `p`.`updated_at` AS `p__updated_at`, `p`.`deleted_at` AS `p__deleted_at` FROM `product_product` `p` WHERE (`p`.`id` = ? AND (`p`.`deleted_at` IS NULL)) LIMIT 1"
2014-01-06T14:23:47+01:00 WARN (4): SQLSTATE[42000]: Syntax error or access violation: 1064 You have an error in your SQL syntax; check the manual that corresponds to your MySQL server version for the right syntax to use near '? AND (`p`.`deleted_at` IS NULL)) LIMIT 1' at line 1. Failing Query: "SELECT `p`.`id` AS `p__id`, `p`.`price` AS `p__price`, `p`.`dimensions` AS `p__dimensions`, `p`.`code` AS `p__code`, `p`.`availability` AS `p__availability`, `p`.`status` AS `p__status`, `p`.`promoted` AS `p__promoted`, `p`.`promotion` AS `p__promotion`, `p`.`promotion_price` AS `p__promotion_price`, `p`.`new` AS `p__new`, `p`.`purchased_number` AS `p__purchased_number`, `p`.`youtube` AS `p__youtube`, `p`.`producer_id` AS `p__producer_id`, `p`.`discount_id` AS `p__discount_id`, `p`.`photo_root_id` AS `p__photo_root_id`, `p`.`metatag_id` AS `p__metatag_id`, `p`.`views` AS `p__views`, `p`.`clicks` AS `p__clicks`, `p`.`created_at` AS `p__created_at`, `p`.`updated_at` AS `p__updated_at`, `p`.`deleted_at` AS `p__deleted_at` FROM `product_product` `p` WHERE (`p`.`id` = ? AND (`p`.`deleted_at` IS NULL)) LIMIT 1"
2014-05-27T15:03:15+02:00 CRIT (2): Application error
2014-05-27T15:08:14+02:00 CRIT (2): Application error
2014-05-28T12:12:21+02:00 CRIT (2): Application error
2014-05-28T12:12:27+02:00 CRIT (2): Application error
2014-05-28T12:12:42+02:00 CRIT (2): Application error
2014-05-30T17:33:12+02:00 CRIT (2): Application error
2014-06-04T14:22:42+02:00 CRIT (2): Application error
2014-06-04T14:34:05+02:00 CRIT (2): Application error
2014-06-07T19:37:03+02:00 CRIT (2): Application error
2014-06-10T18:01:24+02:00 CRIT (2): Application error
2014-06-10T18:02:44+02:00 CRIT (2): Application error
2014-06-10T18:03:18+02:00 CRIT (2): Application error
2014-06-10T18:03:50+02:00 CRIT (2): Application error
2014-06-13T16:24:31+02:00 NOTICE (5): Page not found
2014-06-13T16:28:07+02:00 CRIT (2): Application error
2014-06-13T16:38:37+02:00 CRIT (2): Application error
2014-06-13T16:56:42+02:00 CRIT (2): Application error
2014-06-13T17:00:57+02:00 CRIT (2): Application error
2014-06-13T17:11:07+02:00 CRIT (2): Application error
2014-06-13T17:16:44+02:00 CRIT (2): Application error
2014-06-13T17:18:12+02:00 CRIT (2): Application error
2014-06-15T11:27:34+02:00 CRIT (2): Application error
2014-06-15T11:48:12+02:00 CRIT (2): Application error
2014-06-15T11:52:57+02:00 CRIT (2): Application error
2014-06-15T11:53:20+02:00 CRIT (2): Application error
2014-06-15T11:53:49+02:00 CRIT (2): Application error
2014-06-15T11:56:06+02:00 CRIT (2): Application error
2014-06-15T11:57:24+02:00 CRIT (2): Application error
2014-06-15T12:00:13+02:00 CRIT (2): Application error
2014-06-15T12:01:53+02:00 CRIT (2): Application error
2014-06-15T12:02:27+02:00 CRIT (2): Application error
2014-06-15T12:04:37+02:00 CRIT (2): Application error
2014-06-16T09:24:59+02:00 NOTICE (5): Page not found
2014-06-22T14:14:24+02:00 CRIT (2): Application error
2014-06-25T16:15:09+02:00 CRIT (2): Application error
2014-06-25T16:19:01+02:00 CRIT (2): Application error
2014-06-26T08:41:14+02:00 CRIT (2): Application error
2014-06-26T08:46:18+02:00 CRIT (2): Application error
2014-06-26T08:49:54+02:00 CRIT (2): Application error
2014-06-26T08:51:53+02:00 CRIT (2): Application error
2014-06-26T08:56:15+02:00 CRIT (2): Application error
2014-06-26T08:58:59+02:00 CRIT (2): Application error
2014-06-26T09:01:32+02:00 CRIT (2): Application error
2014-06-26T09:03:00+02:00 CRIT (2): Application error
2014-06-26T16:12:11+02:00 CRIT (2): Application error
2014-07-04T15:16:09+02:00 CRIT (2): Application error
2014-07-04T15:27:45+02:00 CRIT (2): Application error
2014-07-04T16:55:39+02:00 CRIT (2): Application error
2014-07-04T17:02:56+02:00 CRIT (2): Application error
2014-07-04T17:10:08+02:00 CRIT (2): Application error
2014-07-04T17:20:30+02:00 CRIT (2): Application error
2014-07-09T15:15:36+02:00 CRIT (2): Application error
2014-07-09T15:15:36+02:00 CRIT (2): Application error
2014-07-22T16:53:07+02:00 CRIT (2): Application error
2014-08-17T12:28:17+02:00 CRIT (2): Application error
2014-08-21T07:26:04+02:00 CRIT (2): Application error
2014-08-21T07:26:09+02:00 CRIT (2): Application error
2014-08-22T16:51:28+02:00 CRIT (2): Application error
2014-08-27T12:21:27+02:00 NOTICE (5): Page not found
2014-08-27T12:30:42+02:00 NOTICE (5): Page not found
2014-08-27T12:31:20+02:00 NOTICE (5): Page not found
2014-08-27T12:38:44+02:00 CRIT (2): Application error
2014-08-27T12:42:03+02:00 CRIT (2): Application error
2014-08-27T12:55:43+02:00 CRIT (2): Application error
2014-08-27T12:56:50+02:00 CRIT (2): Application error
2014-08-27T12:58:41+02:00 CRIT (2): Application error
2014-08-27T13:03:43+02:00 CRIT (2): Application error
2014-08-27T13:17:40+02:00 CRIT (2): Application error
2014-09-07T12:14:02+02:00 NOTICE (5): Page not found
2014-09-14T14:56:26+02:00 NOTICE (5): Page not found
2014-09-15T18:02:37+02:00 CRIT (2): Application error
2014-09-16T09:03:36+02:00 CRIT (2): Application error
2014-09-16T09:03:36+02:00 CRIT (2): Application error
2014-09-16T09:03:37+02:00 CRIT (2): Application error
2014-09-16T09:03:37+02:00 CRIT (2): Application error
2014-09-16T09:03:38+02:00 CRIT (2): Application error
2014-09-16T09:03:38+02:00 CRIT (2): Application error
2014-09-16T09:03:38+02:00 CRIT (2): Application error
2014-09-21T08:47:21+02:00 CRIT (2): Application error
2014-10-04T19:10:42+02:00 NOTICE (5): Page not found
2014-10-04T19:16:04+02:00 CRIT (2): Application error
2014-10-15T12:16:34+02:00 CRIT (2): Application error
2014-10-15T12:16:37+02:00 CRIT (2): Application error
2014-10-15T12:16:37+02:00 CRIT (2): Application error
2014-10-18T12:32:35+02:00 CRIT (2): Application error
2014-10-18T12:32:35+02:00 CRIT (2): Application error
2014-10-18T12:32:37+02:00 CRIT (2): Application error
2014-10-23T17:57:02+02:00 CRIT (2): Application error
2014-10-26T06:06:06+01:00 NOTICE (5): Page not found
2014-10-26T14:17:23+01:00 CRIT (2): Application error
2014-10-26T14:28:39+01:00 CRIT (2): Application error
2014-11-01T12:16:21+01:00 CRIT (2): Application error
2014-11-01T13:05:36+01:00 NOTICE (5): Page not found
2014-11-01T16:00:49+01:00 CRIT (2): Application error
2014-11-02T09:14:53+01:00 CRIT (2): Application error
2014-11-02T09:29:26+01:00 CRIT (2): Application error
2014-11-05T20:08:52+01:00 CRIT (2): Application error
2014-11-05T20:15:43+01:00 CRIT (2): Application error
2014-11-05T20:24:20+01:00 CRIT (2): Application error
2014-11-06T13:26:27+01:00 CRIT (2): Application error
2014-11-06T20:25:56+01:00 CRIT (2): Application error
2014-11-06T21:06:41+01:00 CRIT (2): Application error
2014-11-08T09:22:39+01:00 NOTICE (5): Page not found
2014-11-08T09:24:33+01:00 NOTICE (5): Page not found
2014-11-08T10:54:38+01:00 CRIT (2): Application error
2014-11-08T11:13:03+01:00 CRIT (2): Application error
2014-11-08T11:25:47+01:00 CRIT (2): Application error
2014-11-08T16:43:17+01:00 CRIT (2): Application error
2014-11-08T16:50:28+01:00 CRIT (2): Application error
2014-11-08T16:52:04+01:00 CRIT (2): Application error
2014-11-08T16:53:22+01:00 CRIT (2): Application error
2014-11-08T16:54:18+01:00 CRIT (2): Application error
2014-11-08T16:56:24+01:00 CRIT (2): Application error
2014-11-10T17:21:55+01:00 CRIT (2): Application error
2014-11-11T11:14:15+01:00 CRIT (2): Application error
2014-11-20T19:17:09+01:00 CRIT (2): Application error
2014-11-22T17:42:26+01:00 CRIT (2): Application error
2014-11-22T17:44:02+01:00 CRIT (2): Application error
2014-11-22T17:45:07+01:00 CRIT (2): Application error
2014-11-22T20:17:18+01:00 CRIT (2): Application error
2014-11-24T18:41:41+01:00 CRIT (2): Application error
2014-11-27T20:51:46+01:00 CRIT (2): Application error
2014-11-27T21:14:21+01:00 CRIT (2): Application error
2014-11-27T21:16:11+01:00 CRIT (2): Application error
2014-11-27T21:17:19+01:00 CRIT (2): Application error
2014-11-29T19:26:29+01:00 CRIT (2): Application error
2014-11-29T19:27:32+01:00 CRIT (2): Application error
2014-11-29T19:29:21+01:00 CRIT (2): Application error
2014-11-29T19:29:54+01:00 CRIT (2): Application error
2014-11-30T20:15:28+01:00 CRIT (2): Application error
2014-11-30T20:16:44+01:00 CRIT (2): Application error
2014-11-30T21:12:12+01:00 CRIT (2): Application error
2014-11-30T21:20:46+01:00 CRIT (2): Application error
2014-11-30T21:21:19+01:00 CRIT (2): Application error
2014-12-07T19:45:07+01:00 CRIT (2): Application error
2014-12-07T19:50:10+01:00 CRIT (2): Application error
2014-12-13T16:21:09+01:00 CRIT (2): Application error
2014-12-13T16:36:05+01:00 CRIT (2): Application error
2014-12-13T16:38:26+01:00 CRIT (2): Application error
2014-12-13T17:52:04+01:00 NOTICE (5): Page not found
2014-12-13T18:09:12+01:00 CRIT (2): Application error
2014-12-13T18:09:56+01:00 CRIT (2): Application error
2014-12-13T18:10:54+01:00 CRIT (2): Application error
2014-12-13T18:20:27+01:00 CRIT (2): Application error
2014-12-16T19:20:21+01:00 CRIT (2): Application error
2014-12-18T20:24:53+01:00 CRIT (2): Application error
2014-12-18T20:24:54+01:00 CRIT (2): Application error
2014-12-18T20:24:56+01:00 CRIT (2): Application error
2014-12-18T20:24:57+01:00 CRIT (2): Application error
2014-12-18T20:24:58+01:00 CRIT (2): Application error
2014-12-18T20:24:59+01:00 CRIT (2): Application error
2014-12-18T20:25:05+01:00 CRIT (2): Application error
2014-12-23T12:57:56+01:00 CRIT (2): Application error
2014-12-31T09:30:52+01:00 NOTICE (5): Page not found
2014-12-31T14:11:17+01:00 CRIT (2): Application error
2015-01-08T16:13:04+01:00 CRIT (2): Application error
2015-01-11T10:42:47+01:00 CRIT (2): Application error
2015-01-11T10:54:38+01:00 CRIT (2): Application error
2015-01-11T13:13:34+01:00 CRIT (2): Application error
2015-01-14T16:57:44+01:00 CRIT (2): Application error
2015-01-16T22:50:34+01:00 CRIT (2): Application error
2015-01-22T19:22:19+01:00 CRIT (2): Application error
2015-01-22T21:12:19+01:00 CRIT (2): Application error
2015-01-22T21:30:41+01:00 CRIT (2): Application error
2015-01-22T21:35:10+01:00 CRIT (2): Application error
2015-01-25T09:14:50+01:00 CRIT (2): Application error
2015-01-26T21:24:43+01:00 CRIT (2): Application error
2015-01-27T22:47:30+01:00 CRIT (2): Application error
2015-01-27T22:47:32+01:00 CRIT (2): Application error
2015-01-27T22:47:33+01:00 CRIT (2): Application error
2015-01-27T22:47:34+01:00 CRIT (2): Application error
2015-01-27T22:47:35+01:00 CRIT (2): Application error
2015-01-27T22:47:41+01:00 CRIT (2): Application error
2015-02-16T13:30:03+01:00 WARN (4): SQLSTATE[23000]: Integrity constraint violation: 1452 Cannot add or update a child row: a foreign key constraint fails (`ap`.`media_video_url_translation`, CONSTRAINT `media_video_url_translation_id_media_video_url_id_1` FOREIGN KEY (`id`) REFERENCES `media_video_url` (`id`))
2015-02-16T13:30:12+01:00 WARN (4): SQLSTATE[23000]: Integrity constraint violation: 1452 Cannot add or update a child row: a foreign key constraint fails (`ap`.`media_video_url_translation`, CONSTRAINT `media_video_url_translation_id_media_video_url_id_1` FOREIGN KEY (`id`) REFERENCES `media_video_url` (`id`))
<<<<<<< HEAD
2015-05-20T13:54:52+02:00 WARN (4): SQLSTATE[23000]: Integrity constraint violation: 1062 Duplicate entry '161-pl' for key 'PRIMARY'
=======
>>>>>>> e4d5ea717aedf0f93dcceb48a7f8f9bc171d524f
